

Started GET "/" for ::1 at 2015-02-18 23:24:48 -0600
Processing by MainController#index as HTML
  Rendered main/index.html.erb within layouts/application (1.5ms)
Completed 200 OK in 2204ms (Views: 2180.2ms | ActiveRecord: 0.0ms)


Started GET "/" for ::1 at 2015-02-18 23:24:50 -0600
Processing by MainController#index as HTML
  Rendered main/index.html.erb within layouts/application (0.0ms)
Completed 200 OK in 140ms (Views: 138.9ms | ActiveRecord: 0.0ms)


Started GET "/assets/bootstrap_and_overrides-c898afd34e65cf96cc891719e5c6da70.css?body=1" for ::1 at 2015-02-18 23:24:50 -0600


Started GET "/assets/application-1234c61270ef1d4d719fc7abd32f0de2.css?body=1" for ::1 at 2015-02-18 23:24:50 -0600


Started GET "/assets/twitter/bootstrap/transition-49c071d4d736acca69daed5bd6c4fdbd.js?body=1" for ::1 at 2015-02-18 23:24:50 -0600


Started GET "/assets/twitter/bootstrap/modal-d403efa7333c333fdeecc5daa727c437.js?body=1" for ::1 at 2015-02-18 23:24:50 -0600


Started GET "/assets/twitter/bootstrap/alert-4fa131fff2ae05a1d89df662cd4a8531.js?body=1" for ::1 at 2015-02-18 23:24:50 -0600


Started GET "/assets/twitter/bootstrap/dropdown-89b3696cc302eaf377aca640fae08632.js?body=1" for ::1 at 2015-02-18 23:24:50 -0600


Started GET "/assets/main-64e62ddc273c2f5847f30d698ca14b67.css?body=1" for ::1 at 2015-02-18 23:24:50 -0600


Started GET "/assets/twitter/bootstrap/tab-fab339701c02e2cb7d02570dd26fcf10.js?body=1" for ::1 at 2015-02-18 23:24:50 -0600


Started GET "/assets/twitter/bootstrap/scrollspy-f3a0e91892e9edb7ccced4ed84ff23ec.js?body=1" for ::1 at 2015-02-18 23:24:50 -0600


Started GET "/assets/twitter/bootstrap/collapse-cfd6f6e5cff9c41e78cc52464a71358b.js?body=1" for ::1 at 2015-02-18 23:24:50 -0600


Started GET "/assets/twitter/bootstrap/tooltip-1727c885f6618bb619e6a29ef0496d11.js?body=1" for ::1 at 2015-02-18 23:24:50 -0600


Started GET "/assets/twitter/bootstrap/button-dcd83af4b8aa46a9026dec4ea360a003.js?body=1" for ::1 at 2015-02-18 23:24:50 -0600


Started GET "/assets/twitter/bootstrap/popover-c19ae92999a32fa658ffe5d5cc13d195.js?body=1" for ::1 at 2015-02-18 23:24:50 -0600


Started GET "/assets/twitter/bootstrap/carousel-ac6115504ba6a31f58406c5978a6aa20.js?body=1" for ::1 at 2015-02-18 23:24:50 -0600


Started GET "/assets/twitter/bootstrap-4a7c8463ef111cbe52eec5efe89f8319.js?body=1" for ::1 at 2015-02-18 23:24:50 -0600


Started GET "/assets/twitter/bootstrap/affix-745457a96802e8f61e15a7622b54b68f.js?body=1" for ::1 at 2015-02-18 23:24:50 -0600


Started GET "/assets/turbolinks-f87b3583ca50adb0488b031297f5580d.js?body=1" for ::1 at 2015-02-18 23:24:50 -0600


Started GET "/assets/bootstrap-91416daf9f05a6e9ca13ef54aa8dcb39.js?body=1" for ::1 at 2015-02-18 23:24:50 -0600


Started GET "/assets/application-dced387426af23faf286e2cd832902cf.js?body=1" for ::1 at 2015-02-18 23:24:50 -0600


Started GET "/assets/jquery-87424c3c19e96d4fb033c10ebe21ec40.js?body=1" for ::1 at 2015-02-18 23:24:50 -0600


Started GET "/assets/jquery_ujs-e27bd20a10d28155845a22d71ef94f2f.js?body=1" for ::1 at 2015-02-18 23:24:50 -0600


Started GET "/assets/main-fcec5b5a277ac7c20cc9f45a209a3bcd.js?body=1" for ::1 at 2015-02-18 23:24:50 -0600
